This is pdfTeX, Version 3.1415926-2.5-1.40.14 (TeX Live 2013/Debian) (format=pdflatex 2014.9.24)  5 DEC 2014 11:27
entering extended mode
 restricted \write18 enabled.
 %&-line parsing enabled.
**cvita.tex
(./cvita.tex
LaTeX2e <2011/06/27>
Babel <3.9h> and hyphenation patterns for 2 languages loaded.
(/usr/share/texlive/texmf-dist/tex/latex/base/latex209.def
File: latex209.def 1998/05/13 v0.52 Standard LaTeX file


          Entering LaTeX 2.09 COMPATIBILITY MODE
 *************************************************************
    !!WARNING!!    !!WARNING!!    !!WARNING!!    !!WARNING!!   
 
 This mode attempts to provide an emulation of the LaTeX 2.09
 author environment so that OLD documents can be successfully
 processed. It should NOT be used for NEW documents!
 
 New documents should use Standard LaTeX conventions and start
 with the \documentclass command.
 
 Compatibility mode is UNLIKELY TO WORK with LaTeX 2.09 style
 files that change any internal macros, especially not with
 those that change the FONT SELECTION or OUTPUT ROUTINES.
 
 Therefore such style files MUST BE UPDATED to use
          Current Standard LaTeX: LaTeX2e.
 If you suspect that you may be using such a style file, which
 is probably very, very old by now, then you should attempt to
 get it updated by sending a copy of this error message to the
 author of that file.
 *************************************************************

\footheight=\dimen102
\@maxsep=\dimen103
\@dblmaxsep=\dimen104
\@cla=\count79
\@clb=\count80
\mscount=\count81
(/usr/share/texlive/texmf-dist/tex/latex/base/tracefnt.sty
Package: tracefnt 1997/05/29 v3.0j Standard LaTeX package (font tracing)
\tracingfonts=\count82
LaTeX Info: Redefining \selectfont on input line 101.
)
\symbold=\mathgroup4
\symsans=\mathgroup5
\symtypewriter=\mathgroup6
\symitalic=\mathgroup7
\symsmallcaps=\mathgroup8
\symslanted=\mathgroup9
LaTeX Font Info:    Redeclaring math alphabet \mathbf on input line 293.
LaTeX Font Info:    Redeclaring math alphabet \mathsf on input line 294.
LaTeX Font Info:    Redeclaring math alphabet \mathtt on input line 295.
LaTeX Font Info:    Redeclaring math alphabet \mathit on input line 301.
LaTeX Info: Redefining \em on input line 311.

(/usr/share/texlive/texmf-dist/tex/latex/base/latexsym.sty
Package: latexsym 1998/08/17 v2.2e Standard LaTeX package (lasy symbols)
\symlasy=\mathgroup10
LaTeX Font Info:    Overwriting symbol font `lasy' in version `bold'
(Font)                  U/lasy/m/n --> U/lasy/b/n on input line 47.
)
LaTeX Font Info:    Redeclaring math delimiter \lgroup on input line 375.
LaTeX Font Info:    Redeclaring math delimiter \rgroup on input line 377.
LaTeX Font Info:    Redeclaring math delimiter \bracevert on input line 379.
)
(/usr/share/texlive/texmf-dist/tex/latex/base/article.cls
Document Class: article 2007/10/19 v1.4h Standard LaTeX document class
(/usr/share/texlive/texmf-dist/tex/latex/base/size12.clo
File: size12.clo 2007/10/19 v1.4h Standard LaTeX file (size option)
)
\c@part=\count83
\c@section=\count84
\c@subsection=\count85
\c@subsubsection=\count86
\c@paragraph=\count87
\c@subparagraph=\count88
\c@figure=\count89
\c@table=\count90
\abovecaptionskip=\skip41
\belowcaptionskip=\skip42
Compatibility mode: definition of \rm ignored.
Compatibility mode: definition of \sf ignored.
Compatibility mode: definition of \tt ignored.
Compatibility mode: definition of \bf ignored.
Compatibility mode: definition of \it ignored.
Compatibility mode: definition of \sl ignored.
Compatibility mode: definition of \sc ignored.
LaTeX Info: Redefining \cal on input line 506.
LaTeX Info: Redefining \mit on input line 507.
\bibindent=\dimen105
) (./cvita.aux)
\openout1 = `cvita.aux'.

LaTeX Font Info:    Checking defaults for OML/cmm/m/it on input line 7.
LaTeX Font Info:    ... okay on input line 7.
LaTeX Font Info:    Checking defaults for T1/cmr/m/n on input line 7.
LaTeX Font Info:    ... okay on input line 7.
LaTeX Font Info:    Checking defaults for OT1/cmr/m/n on input line 7.
LaTeX Font Info:    ... okay on input line 7.
LaTeX Font Info:    Checking defaults for OMS/cmsy/m/n on input line 7.
LaTeX Font Info:    ... okay on input line 7.
LaTeX Font Info:    Checking defaults for OMX/cmex/m/n on input line 7.
LaTeX Font Info:    ... okay on input line 7.
LaTeX Font Info:    Checking defaults for U/cmr/m/n on input line 7.
LaTeX Font Info:    ... okay on input line 7.
LaTeX Font Info:    External font `cmex10' loaded for size
(Font)              <12> on input line 28.
LaTeX Font Info:    External font `cmex10' loaded for size
(Font)              <8> on input line 28.
LaTeX Font Info:    External font `cmex10' loaded for size
(Font)              <6> on input line 28.
LaTeX Font Info:    Try loading font information for U+lasy on input line 28.

(/usr/share/texlive/texmf-dist/tex/latex/base/ulasy.fd
File: ulasy.fd 1998/08/17 v2.2e LaTeX symbol font definitions
) [1

{/var/lib/texmf/fonts/map/pdftex/updmap/pdftex.map}] [2]
Underfull \hbox (badness 10000) in paragraph at lines 156--173

 []


Underfull \hbox (badness 10000) in paragraph at lines 156--173

 []


Underfull \hbox (badness 10000) in paragraph at lines 156--173

 []


Underfull \hbox (badness 10000) in paragraph at lines 156--173

 []


Underfull \hbox (badness 10000) in paragraph at lines 156--173

 []


Underfull \hbox (badness 10000) in paragraph at lines 156--173

 []

[3]
Missing character: There is no é in font cmr12!

Underfull \hbox (badness 10000) in paragraph at lines 175--203

 []


Underfull \hbox (badness 10000) in paragraph at lines 175--203

 []


Underfull \hbox (badness 10000) in paragraph at lines 175--203

 []


Underfull \hbox (badness 10000) in paragraph at lines 175--203

 []


Underfull \hbox (badness 10000) in paragraph at lines 175--203

 []


Underfull \hbox (badness 10000) in paragraph at lines 175--203

 []


Underfull \hbox (badness 10000) in paragraph at lines 204--219

 []


Underfull \hbox (badness 10000) in paragraph at lines 204--219

 []


Underfull \hbox (badness 10000) in paragraph at lines 204--219

 []


Underfull \hbox (badness 10000) in paragraph at lines 220--242

 []


Underfull \hbox (badness 10000) in paragraph at lines 220--242

 []


Underfull \hbox (badness 10000) in paragraph at lines 220--242

 []


Underfull \hbox (badness 10000) in paragraph at lines 220--242

 []

[4]
Underfull \hbox (badness 10000) in paragraph at lines 243--296

 []


Underfull \hbox (badness 10000) in paragraph at lines 243--296

 []


Underfull \hbox (badness 10000) in paragraph at lines 243--296

 []


Underfull \hbox (badness 10000) in paragraph at lines 243--296

 []


Underfull \hbox (badness 10000) in paragraph at lines 243--296

 []


Underfull \hbox (badness 10000) in paragraph at lines 243--296

 []


Underfull \hbox (badness 10000) in paragraph at lines 243--296

 []


Underfull \hbox (badness 10000) in paragraph at lines 243--296

 []


Underfull \hbox (badness 10000) in paragraph at lines 243--296

 []


Underfull \hbox (badness 10000) in paragraph at lines 243--296

 []


Underfull \hbox (badness 10000) in paragraph at lines 298--305

 []

[5] [6] (./cvita.aux) )
(\end occurred inside a group at level 5)

### simple group (level 5) entered at line 117 ({)
### simple group (level 4) entered at line 97 ({)
### simple group (level 3) entered at line 62 ({)
### simple group (level 2) entered at line 44 ({)
### simple group (level 1) entered at line 24 ({)
### bottom level 
Here is how much of TeX's memory you used:
 358 strings out of 495028
 4110 string characters out of 6181497
 54151 words of memory out of 5000000
 3617 multiletter control sequences out of 15000+600000
 12041 words of font info for 44 fonts, out of 8000000 for 9000
 14 hyphenation exceptions out of 8191
 24i,4n,19p,908b,231s stack positions out of 5000i,500n,10000p,200000b,80000s
</usr/share/texlive/texmf-dist/fonts/type1/public/amsfonts/cm/c
mbx12.pfb></usr/share/texlive/texmf-dist/fonts/type1/public/amsfonts/cm/cmr12.p
fb></usr/share/texlive/texmf-dist/fonts/type1/public/amsfonts/cm/cmr8.pfb></usr
/share/texlive/texmf-dist/fonts/type1/public/amsfonts/cm/cmsy10.pfb></usr/share
/texlive/texmf-dist/fonts/type1/public/amsfonts/cm/cmti12.pfb>
Output written on cvita.pdf (6 pages, 83723 bytes).
PDF statistics:
 43 PDF objects out of 1000 (max. 8388607)
 29 compressed objects within 1 object stream
 0 named destinations out of 1000 (max. 500000)
 1 words of extra memory for PDF output out of 10000 (max. 10000000)

